<?xml version="1.0" encoding="UTF-8"?>
<testng-results ignored="0" total="1" passed="1" failed="0" skipped="0">
  <reporter-output>
  </reporter-output>
  <suite started-at="2026-01-09T20:43:22 AST" name="Default suite" finished-at="2026-01-09T20:43:44 AST" duration-ms="22525">
    <groups>
    </groups>
    <test started-at="2026-01-09T20:43:22 AST" name="Default test" finished-at="2026-01-09T20:43:44 AST" duration-ms="22525">
      <class name="login.TestProcess">
        <test-method is-config="true" signature="webSite()[pri:0, instance:login.TestProcess@13518f37]" started-at="2026-01-09T20:43:22 AST" name="webSite" finished-at="2026-01-09T20:43:44 AST" duration-ms="22301" status="PASS">
          <reporter-output>
          </reporter-output>
        </test-method> <!-- webSite -->
        <test-method signature="login()[pri:0, instance:login.TestProcess@13518f37]" started-at="2026-01-09T20:43:44 AST" name="login" finished-at="2026-01-09T20:43:44 AST" duration-ms="198" status="PASS">
          <reporter-output>
          </reporter-output>
        </test-method> <!-- login -->
        <test-method is-config="true" signature="afterTesting()[pri:0, instance:login.TestProcess@13518f37]" started-at="2026-01-09T20:43:44 AST" name="afterTesting" finished-at="2026-01-09T20:43:44 AST" duration-ms="0" status="PASS">
          <reporter-output>
          </reporter-output>
        </test-method> <!-- afterTesting -->
      </class> <!-- login.TestProcess -->
    </test> <!-- Default test -->
  </suite> <!-- Default suite -->
</testng-results>
